2025-08-17T12:37:52.777+05:30  INFO 10952 --- [PaymentService] [restartedMain] c.C.P.PaymentServiceApplication          : Starting PaymentServiceApplication using Java 17.0.11 with PID 10952 (C:\Users\hp\OneDrive\Desktop\LLD\Decorator Pattern\PaymentService\target\classes started by hp in C:\Users\hp\OneDrive\Desktop\LLD\Decorator Pattern\PaymentService)
2025-08-17T12:37:52.781+05:30  INFO 10952 --- [PaymentService] [restartedMain] c.C.P.PaymentServiceApplication          : No active profile set, falling back to 1 default profile: "default"
2025-08-17T12:37:52.909+05:30  INFO 10952 --- [PaymentService] [restartedMain] .e.DevToolsPropertyDefaultsPostProcessor : Devtools property defaults active! Set 'spring.devtools.add-properties' to 'false' to disable
2025-08-17T12:37:52.910+05:30  INFO 10952 --- [PaymentService] [restartedMain] .e.DevToolsPropertyDefaultsPostProcessor : For additional web related logging consider setting the 'logging.level.web' property to 'DEBUG'
2025-08-17T12:37:56.525+05:30  INFO 10952 --- [PaymentService] [restartedMain] o.s.b.w.embedded.tomcat.TomcatWebServer  : Tomcat initialized with port 8080 (http)
2025-08-17T12:37:56.572+05:30  INFO 10952 --- [PaymentService] [restartedMain] o.apache.catalina.core.StandardService   : Starting service [Tomcat]
2025-08-17T12:37:56.573+05:30  INFO 10952 --- [PaymentService] [restartedMain] o.apache.catalina.core.StandardEngine    : Starting Servlet engine: [Apache Tomcat/10.1.43]
2025-08-17T12:37:56.750+05:30  INFO 10952 --- [PaymentService] [restartedMain] o.a.c.c.C.[Tomcat].[localhost].[/]       : Initializing Spring embedded WebApplicationContext
2025-08-17T12:37:56.751+05:30  INFO 10952 --- [PaymentService] [restartedMain] w.s.c.ServletWebServerApplicationContext : Root WebApplicationContext: initialization completed in 3840 ms
2025-08-17T12:37:58.612+05:30  INFO 10952 --- [PaymentService] [restartedMain] o.s.b.d.a.OptionalLiveReloadServer       : LiveReload server is running on port 35729
2025-08-17T12:37:58.682+05:30  INFO 10952 --- [PaymentService] [restartedMain] o.s.b.w.embedded.tomcat.TomcatWebServer  : Tomcat started on port 8080 (http) with context path '/'
2025-08-17T12:37:58.697+05:30  INFO 10952 --- [PaymentService] [restartedMain] c.C.P.PaymentServiceApplication          : Started PaymentServiceApplication in 7.416 seconds (process running for 9.103)
2025-08-17T12:38:11.921+05:30  INFO 10952 --- [PaymentService] [http-nio-8080-exec-2] o.a.c.c.C.[Tomcat].[localhost].[/]       : Initializing Spring DispatcherServlet 'dispatcherServlet'
2025-08-17T12:38:11.921+05:30  INFO 10952 --- [PaymentService] [http-nio-8080-exec-2] o.s.web.servlet.DispatcherServlet        : Initializing Servlet 'dispatcherServlet'
2025-08-17T12:38:11.923+05:30  INFO 10952 --- [PaymentService] [http-nio-8080-exec-2] o.s.web.servlet.DispatcherServlet        : Completed initialization in 2 ms
2025-08-17T12:38:14.150+05:30  INFO 10952 --- [PaymentService] [http-nio-8080-exec-10] o.springdoc.api.AbstractOpenApiResource  : Init duration for springdoc-openapi is: 1049 ms
2025-08-17T12:38:46.472+05:30  INFO 10952 --- [PaymentService] [http-nio-8080-exec-7] c.C.P.Controller.PaymentController       : Incoming payment: gateway=stripe, currency=INR, amount=1000.0, features=[fraudCheck, discount]
2025-08-17T12:38:46.479+05:30  INFO 10952 --- [PaymentService] [http-nio-8080-exec-7] c.C.P.Controller.PaymentController       : Payment processed: txGateway=Stripe, finalAmount=900.0, status=SUCCESS, rewardPoints=0
2025-08-17T12:39:05.315+05:30  INFO 10952 --- [PaymentService] [http-nio-8080-exec-8] c.C.P.Controller.PaymentController       : Incoming payment: gateway=stripe, currency=INR, amount=1000.0, features=[fraudCheck, discount]
2025-08-17T12:39:05.316+05:30  INFO 10952 --- [PaymentService] [http-nio-8080-exec-8] c.C.P.Controller.PaymentController       : Payment processed: txGateway=Stripe, finalAmount=900.0, status=SUCCESS, rewardPoints=0
2025-08-17T12:39:24.248+05:30  INFO 10952 --- [PaymentService] [http-nio-8080-exec-10] c.C.P.Controller.PaymentController       : Incoming payment: gateway=stripe, currency=INR, amount=1000.0, features=[fraudCheck, discount]
2025-08-17T12:39:24.249+05:30  INFO 10952 --- [PaymentService] [http-nio-8080-exec-10] c.C.P.Controller.PaymentController       : Payment processed: txGateway=Stripe, finalAmount=900.0, status=SUCCESS, rewardPoints=0
2025-08-17T12:40:58.380+05:30  INFO 10952 --- [PaymentService] [http-nio-8080-exec-4] c.C.P.Controller.PaymentController       : Incoming payment: gateway=stripe, currency=INR, amount=10000.0, features=[fraudCheck, discount, rewardPoints]
2025-08-17T12:40:58.385+05:30  INFO 10952 --- [PaymentService] [http-nio-8080-exec-4] c.C.P.Controller.PaymentController       : Payment processed: txGateway=Stripe, finalAmount=9000.0, status=SUCCESS, rewardPoints=90
2025-08-17T12:43:15.462+05:30  INFO 10952 --- [PaymentService] [http-nio-8080-exec-2] c.C.P.Controller.PaymentController       : Incoming payment: gateway=stripe, currency=USD, amount=10000.0, features=[fraudCheck, discount, rewardPoints, currencyConversion]
2025-08-17T12:43:15.462+05:30  WARN 10952 --- [PaymentService] [http-nio-8080-exec-2] c.C.P.P.decorators.FraudCheckDecorator   : [Fraud] High risk transaction detected: 747000.0 INR
2025-08-17T12:43:15.462+05:30  WARN 10952 --- [PaymentService] [http-nio-8080-exec-2] c.C.P.Exception.GlobalExceptionHandler   : Bad request: High risk transaction detected
2025-08-17T12:43:15.478+05:30  WARN 10952 --- [PaymentService] [http-nio-8080-exec-2] .m.m.a.ExceptionHandlerExceptionResolver : Resolved [com.Chronicles.PaymentService.Exception.BadRequestException: High risk transaction detected]
2025-08-17T12:43:52.208+05:30  INFO 10952 --- [PaymentService] [http-nio-8080-exec-6] c.C.P.Controller.PaymentController       : Incoming payment: gateway=stripe, currency=USD, amount=1000.0, features=[fraudCheck, discount, rewardPoints, currencyConversion]
2025-08-17T12:43:52.208+05:30  INFO 10952 --- [PaymentService] [http-nio-8080-exec-6] c.C.P.Controller.PaymentController       : Payment processed: txGateway=Stripe, finalAmount=74700.0, status=SUCCESS, rewardPoints=747
